Application/build/outputs/logs/manifest-merger-debug-report.txt
-- Merging decision tree log ---
manifest
ADDED from src/main/AndroidManifest.xml:20:1-54:12
	xmlns:android
		ADDED from src/main/AndroidManifest.xml:20:11-69
	package
		ADDED from src/main/AndroidManifest.xml:21:5-50
	android:versionName
		ADDED from src/main/AndroidManifest.xml:23:5-30
	android:versionCode
		ADDED from src/main/AndroidManifest.xml:22:5-28
		INJECTED from src/main/AndroidManifest.xml
		INJECTED from src/main/AndroidManifest.xml
uses-feature#android.hardware.bluetooth_le
ADDED from src/main/AndroidManifest.xml:31:5-89
	android:required
		ADDED from src/main/AndroidManifest.xml:31:64-87
	android:name
		ADDED from src/main/AndroidManifest.xml:31:19-63
uses-permission#android.permission.BLUETOOTH
ADDED from src/main/AndroidManifest.xml:33:5-67
	android:name
		ADDED from src/main/AndroidManifest.xml:33:22-65
uses-permission#android.permission.INTERNET
ADDED from src/main/AndroidManifest.xml:34:5-66
	android:name
		ADDED from src/main/AndroidManifest.xml:34:22-64
uses-permission#android.permission.WRITE_EXTERNAL_STORAGE
ADDED from src/main/AndroidManifest.xml:35:5-81
	android:name
		ADDED from src/main/AndroidManifest.xml:35:22-78
uses-permission#android.permission.BLUETOOTH_ADMIN
ADDED from src/main/AndroidManifest.xml:36:5-73
	android:name
		ADDED from src/main/AndroidManifest.xml:36:22-71
uses-permission#android.permission.ACCESS_NETWORK_STATE
ADDED from src/main/AndroidManifest.xml:38:5-79
	android:name
		ADDED from src/main/AndroidManifest.xml:38:22-76
application
ADDED from src/main/AndroidManifest.xml:40:5-52:19
MERGED from [com.android.support:support-v4:21.0.2] AndroidManifest.xml:16:5-19
MERGED from [com.android.support:support-v13:21.0.2] AndroidManifest.xml:16:5-19
MERGED from [com.android.support:support-v4:21.0.2] AndroidManifest.xml:16:5-19
MERGED from [com.android.support:cardview-v7:21.0.2] AndroidManifest.xml:16:5-19
	android:label
		ADDED from src/main/AndroidManifest.xml:40:18-50
	android:icon
		ADDED from src/main/AndroidManifest.xml:41:9-47
	android:theme
		ADDED from src/main/AndroidManifest.xml:42:9-56
activity#com.example.android.bluetoothlegatt.DeviceScanActivity
ADDED from src/main/AndroidManifest.xml:43:9-49:20
	android:label
		ADDED from src/main/AndroidManifest.xml:44:13-45
	android:name
		ADDED from src/main/AndroidManifest.xml:43:19-53
intent-filter#android.intent.action.MAIN+android.intent.category.LAUNCHER
ADDED from src/main/AndroidManifest.xml:45:13-48:29
action#android.intent.action.MAIN
ADDED from src/main/AndroidManifest.xml:46:17-68
	android:name
		ADDED from src/main/AndroidManifest.xml:46:25-66
category#android.intent.category.LAUNCHER
ADDED from src/main/AndroidManifest.xml:47:17-76
	android:name
		ADDED from src/main/AndroidManifest.xml:47:27-74
activity#com.example.android.bluetoothlegatt.DeviceControlActivity
ADDED from src/main/AndroidManifest.xml:50:9-58
	android:name
		ADDED from src/main/AndroidManifest.xml:50:19-56
service#com.example.android.bluetoothlegatt.WeatherHttpClient$BluetoothLeService
ADDED from src/main/AndroidManifest.xml:51:9-95
	android:enabled
		ADDED from src/main/AndroidManifest.xml:51:71-93
	android:name
		ADDED from src/main/AndroidManifest.xml:51:18-70
uses-sdk
INJECTED from src/main/AndroidManifest.xml reason: use-sdk injection requested
MERGED from [com.android.support:support-v4:21.0.2] AndroidManifest.xml:15:5-42
MERGED from [com.android.support:support-v13:21.0.2] AndroidManifest.xml:15:5-43
MERGED from [com.android.support:support-v4:21.0.2] AndroidManifest.xml:15:5-42
MERGED from [com.android.support:cardview-v7:21.0.2] AndroidManifest.xml:15:5-42
	android:targetSdkVersion
		INJECTED from src/main/AndroidManifest.xml
		INJECTED from src/main/AndroidManifest.xml
	android:minSdkVersion
		INJECTED from src/main/AndroidManifest.xml
		INJECTED from src/main/AndroidManifest.xml